probe 4106 5974 123 reaches bucket: 8 elements
2502 5380 699 
3018 7284 553 
3496 9219 603 
2995 8107 846 
4250 7142 506 
4799 9163 1100 
1450 5773 1549 
4562 4676 2056 
probe 6916 6294 9561 reaches bucket: 8 elements
9504 6012 5046 
9607 9292 6062 
8190 7734 6140 
4987 4788 6908 
8598 9719 8489 
5042 8128 9430 
5519 9054 9666 
5571 5247 8641 
probe 6292 3336 1613 reaches bucket: 8 elements
6872 2847 2604 
7445 3427 1110 
7356 3869 3919 
8168 2136 887 
8236 4587 4984 
9054 3749 85 
9331 1389 5444 
9438 2088 2017 
probe 7264 9211 5252 reaches bucket: 8 elements
9504 6012 5046 
9607 9292 6062 
8190 7734 6140 
4987 4788 6908 
8598 9719 8489 
5042 8128 9430 
5519 9054 9666 
5571 5247 8641 
probe 1709 8406 9033 reaches bucket: 8 elements
2462 9288 2143 
105 6191 4061 
1260 5430 6141 
1542 5923 7028 
263 8963 9556 
4459 7333 7505 
1118 9928 8249 
2183 8441 9532 
probe 6804 7201 4499 reaches bucket: 8 elements
4884 5399 2314 
5359 4966 4376 
5411 9142 3332 
6011 9088 4893 
8227 6205 2525 
7419 6096 1302 
9957 9040 467 
9833 5625 4998 
probe 5951 4892 1594 reaches bucket: 8 elements
4884 5399 2314 
5359 4966 4376 
5411 9142 3332 
6011 9088 4893 
8227 6205 2525 
7419 6096 1302 
9957 9040 467 
9833 5625 4998 
probe 4105 3801 5045 reaches bucket: 8 elements
2518 2057 967 
5192 2934 3110 
4607 1912 1356 
6120 905 2661 
5910 3674 4492 
3131 4541 246 
1214 3498 852 
6148 2477 371 
probe 6454 789 9325 reaches bucket: 8 elements
6157 1029 9419 
7251 1703 8128 
8233 1967 8106 
8345 4628 5776 
8551 2161 8017 
8395 3456 6175 
9291 2607 6293 
9874 355 7384 
probe 59 6491 6655 reaches bucket: 8 elements
2462 9288 2143 
105 6191 4061 
1260 5430 6141 
1542 5923 7028 
263 8963 9556 
4459 7333 7505 
1118 9928 8249 
2183 8441 9532 
